2022-01-27T14:14:06.287+0700 WARN InetAddress.getLocalHost().getHostName() took 5006 milliseconds to respond. Please verify your network configuration (macOS machines may need to add entries to /etc/hosts).
2022-01-27T14:14:01.271+0700 INFO Starting MigrationApplication using Java 1.8.0_292 on MacBooks-MacBook-Pro.local with PID 35936 (/Users/macbookpro/Work/Eduprime/backend/migration/target/classes started by macbookpro in /Users/macbookpro/Work/Eduprime/backend/migration)
2022-01-27T14:14:06.306+0700 INFO The following profiles are active: dev
2022-01-27T14:14:07.860+0700 INFO Bootstrapping Spring Data JPA repositories in DEFAULT mode.
2022-01-27T14:14:07.924+0700 INFO Finished Spring Data repository scanning in 54 ms. Found 1 JPA repository interfaces.
2022-01-27T14:14:08.957+0700 INFO Tomcat initialized with port(s): 9090 (http)
2022-01-27T14:14:08.968+0700 INFO Initializing ProtocolHandler ["http-nio-9090"]
2022-01-27T14:14:08.968+0700 INFO Starting service [Tomcat]
2022-01-27T14:14:08.969+0700 INFO Starting Servlet engine: [Apache Tomcat/9.0.55]
2022-01-27T14:14:09.259+0700 INFO Initializing Spring embedded WebApplicationContext
2022-01-27T14:14:09.260+0700 INFO Root WebApplicationContext: initialization completed in 2904 ms
2022-01-27T14:14:09.848+0700 INFO HikariPool-1 - Starting...
2022-01-27T14:14:09.979+0700 INFO HikariPool-1 - Start completed.
2022-01-27T14:14:10.003+0700 INFO Flyway Community Edition 8.0.4 by Redgate
2022-01-27T14:14:10.004+0700 INFO Database: jdbc:postgresql://localhost:5432/migration_database (PostgreSQL 14.1)
2022-01-27T14:14:10.095+0700 INFO Successfully validated 3 migrations (execution time 00:00.054s)
2022-01-27T14:14:10.218+0700 INFO Current version of schema "public": 1.2
2022-01-27T14:14:10.220+0700 INFO Schema "public" is up to date. No migration necessary.
2022-01-27T14:14:10.505+0700 INFO HHH000204: Processing PersistenceUnitInfo [name: default]
2022-01-27T14:14:10.578+0700 INFO HHH000412: Hibernate ORM core version 5.6.1.Final
2022-01-27T14:14:10.900+0700 INFO HCANN000001: Hibernate Commons Annotations {5.1.2.Final}
2022-01-27T14:14:11.317+0700 INFO HHH000400: Using dialect: org.hibernate.dialect.PostgreSQL10Dialect
2022-01-27T14:14:12.067+0700 INFO HHH000490: Using JtaPlatform implementation: [org.hibernate.engine.transaction.jta.platform.internal.NoJtaPlatform]
2022-01-27T14:14:12.082+0700 INFO Initialized JPA EntityManagerFactory for persistence unit 'default'
2022-01-27T14:14:12.495+0700 WARN spring.jpa.open-in-view is enabled by default. Therefore, database queries may be performed during view rendering. Explicitly configure spring.jpa.open-in-view to disable this warning
2022-01-27T14:14:13.122+0700 INFO Exposing 1 endpoint(s) beneath base path '/actuator'
2022-01-27T14:14:13.159+0700 INFO Starting ProtocolHandler ["http-nio-9090"]
2022-01-27T14:14:13.205+0700 INFO Tomcat started on port(s): 9090 (http) with context path ''
2022-01-27T14:14:13.228+0700 INFO Started MigrationApplication in 17.498 seconds (JVM running for 23.728)
2022-01-27T14:14:13.238+0700 WARN Example Warn Level
2022-01-27T14:17:31.230+0700 INFO Closing JPA EntityManagerFactory for persistence unit 'default'
2022-01-27T14:17:31.245+0700 INFO HikariPool-1 - Shutdown initiated...
2022-01-27T14:17:31.256+0700 INFO HikariPool-1 - Shutdown completed.
